<?xml version="1.0" encoding="UTF-8"?>
<coverage generated="1728478449655" clover="3.2.0">
  <project timestamp="1728478449655" name="All files">
    <metrics statements="4" coveredstatements="4" conditionals="11" coveredconditionals="6" methods="2" coveredmethods="2" elements="17" coveredelements="12" complexity="0" loc="4" ncloc="4" packages="2" files="2" classes="2"/>
    <package name="default">
      <metrics statements="3" coveredstatements="3" conditionals="11" coveredconditionals="6" methods="1" coveredmethods="1"/>
      <file name="ThemedText.tsx" path="D:\Bureaublad\AutoDick3\AutoDick3\components\default\ThemedText.tsx">
        <metrics statements="3" coveredstatements="3" conditionals="11" coveredconditionals="6" methods="1" coveredmethods="1"/>
        <line num="18" count="1" type="stmt"/>
        <line num="20" count="1" type="stmt"/>
        <line num="36" count="1" type="stmt"/>
      </file>
    </package>
    <package name="navigation">
      <metrics statements="1" coveredstatements="1" conditionals="0" coveredconditionals="0" methods="1" coveredmethods="1"/>
      <file name="NavBar.tsx" path="D:\Bureaublad\AutoDick3\AutoDick3\components\navigation\NavBar.tsx">
        <metrics statements="1" coveredstatements="1" conditionals="0" coveredconditionals="0" methods="1" coveredmethods="1"/>
        <line num="12" count="1" type="stmt"/>
      </file>
    </package>
  </project>
</coverage>
