{"D:\\Bureaublad\\AutoDick3\\AutoDick3\\components\\NavBar.tsx": {"path":"D:\\Bureaublad\\AutoDick3\\AutoDick3\\components\\NavBar.tsx","statementMap":{"0":{"start":{"line":8,"column":17},"end":{"line":8,"column":28}},"1":{"start":{"line":9,"column":34},"end":{"line":9,"column":81}},"2":{"start":{"line":12,"column":2},"end":{"line":18,"column":9}},"3":{"start":{"line":13,"column":21},"end":{"line":15,"column":12}},"4":{"start":{"line":14,"column":6},"end":{"line":14,"column":51}},"5":{"start":{"line":17,"column":4},"end":{"line":17,"column":41}},"6":{"start":{"line":17,"column":17},"end":{"line":17,"column":40}},"7":{"start":{"line":19,"column":2},"end":{"line":29,"column":4}},"8":{"start":{"line":24,"column":46},"end":{"line":24,"column":70}}},"fnMap":{"0":{"name":"NavBar","decl":{"start":{"line":6,"column":16},"end":{"line":6,"column":22}},"loc":{"start":{"line":6,"column":25},"end":{"line":30,"column":1}},"line":6},"1":{"name":"(anonymous_1)","decl":{"start":{"line":12,"column":18},"end":{"line":12,"column":19}},"loc":{"start":{"line":12,"column":24},"end":{"line":18,"column":3}},"line":12},"2":{"name":"(anonymous_2)","decl":{"start":{"line":13,"column":33},"end":{"line":13,"column":34}},"loc":{"start":{"line":13,"column":39},"end":{"line":15,"column":5}},"line":13},"3":{"name":"(anonymous_3)","decl":{"start":{"line":17,"column":11},"end":{"line":17,"column":12}},"loc":{"start":{"line":17,"column":17},"end":{"line":17,"column":40}},"line":17},"4":{"name":"(anonymous_4)","decl":{"start":{"line":24,"column":40},"end":{"line":24,"column":41}},"loc":{"start":{"line":24,"column":46},"end":{"line":24,"column":70}},"line":24}},"branchMap":{},"s":{"0":2,"1":1,"2":1,"3":0,"4":0,"5":0,"6":0,"7":1,"8":0},"f":{"0":2,"1":0,"2":0,"3":0,"4":0},"b":{},"_coverageSchema":"1a1c01bbd47fc00a2c39e90264f33305004495a9","hash":"ebc3bbac041cf243d6c86869619bc395cf5639a5"}
,"D:\\Bureaublad\\AutoDick3\\AutoDick3\\components\\Timer.tsx": {"path":"D:\\Bureaublad\\AutoDick3\\AutoDick3\\components\\Timer.tsx","statementMap":{"0":{"start":{"line":10,"column":31},"end":{"line":73,"column":1}},"1":{"start":{"line":11,"column":36},"end":{"line":11,"column":60}},"2":{"start":{"line":12,"column":26},"end":{"line":12,"column":45}},"3":{"start":{"line":14,"column":21},"end":{"line":16,"column":3}},"4":{"start":{"line":15,"column":4},"end":{"line":15,"column":23}},"5":{"start":{"line":18,"column":21},"end":{"line":20,"column":3}},"6":{"start":{"line":19,"column":4},"end":{"line":19,"column":24}},"7":{"start":{"line":22,"column":21},"end":{"line":25,"column":3}},"8":{"start":{"line":23,"column":4},"end":{"line":23,"column":24}},"9":{"start":{"line":24,"column":3},"end":{"line":24,"column":39}},"10":{"start":{"line":24,"column":25},"end":{"line":24,"column":37}},"11":{"start":{"line":28,"column":21},"end":{"line":32,"column":3}},"12":{"start":{"line":29,"column":20},"end":{"line":29,"column":50}},"13":{"start":{"line":30,"column":19},"end":{"line":30,"column":37}},"14":{"start":{"line":31,"column":4},"end":{"line":31,"column":85}},"15":{"start":{"line":35,"column":22},"end":{"line":46,"column":3}},"16":{"start":{"line":36,"column":4},"end":{"line":45,"column":6}},"17":{"start":{"line":50,"column":2},"end":{"line":72,"column":4}},"18":{"start":{"line":75,"column":15},"end":{"line":96,"column":2}}},"fnMap":{"0":{"name":"(anonymous_0)","decl":{"start":{"line":10,"column":31},"end":{"line":10,"column":32}},"loc":{"start":{"line":10,"column":48},"end":{"line":73,"column":1}},"line":10},"1":{"name":"(anonymous_1)","decl":{"start":{"line":14,"column":21},"end":{"line":14,"column":22}},"loc":{"start":{"line":14,"column":27},"end":{"line":16,"column":3}},"line":14},"2":{"name":"(anonymous_2)","decl":{"start":{"line":18,"column":21},"end":{"line":18,"column":22}},"loc":{"start":{"line":18,"column":27},"end":{"line":20,"column":3}},"line":18},"3":{"name":"(anonymous_3)","decl":{"start":{"line":22,"column":21},"end":{"line":22,"column":22}},"loc":{"start":{"line":22,"column":27},"end":{"line":25,"column":3}},"line":22},"4":{"name":"(anonymous_4)","decl":{"start":{"line":24,"column":11},"end":{"line":24,"column":12}},"loc":{"start":{"line":24,"column":25},"end":{"line":24,"column":37}},"line":24},"5":{"name":"(anonymous_5)","decl":{"start":{"line":28,"column":21},"end":{"line":28,"column":22}},"loc":{"start":{"line":28,"column":48},"end":{"line":32,"column":3}},"line":28},"6":{"name":"(anonymous_6)","decl":{"start":{"line":35,"column":22},"end":{"line":35,"column":23}},"loc":{"start":{"line":35,"column":51},"end":{"line":46,"column":3}},"line":35}},"branchMap":{},"s":{"0":1,"1":0,"2":0,"3":0,"4":0,"5":0,"6":0,"7":0,"8":0,"9":0,"10":0,"11":0,"12":0,"13":0,"14":0,"15":0,"16":0,"17":0,"18":1},"f":{"0":0,"1":0,"2":0,"3":0,"4":0,"5":0,"6":0},"b":{},"_coverageSchema":"1a1c01bbd47fc00a2c39e90264f33305004495a9","hash":"b9d9f77c4fa6a8884df0c64a319d6e07abc7a73c"}
,"D:\\Bureaublad\\AutoDick3\\AutoDick3\\components\\default\\ThemedText.tsx": {"path":"D:\\Bureaublad\\AutoDick3\\AutoDick3\\components\\default\\ThemedText.tsx","statementMap":{"0":{"start":{"line":18,"column":16},"end":{"line":18,"column":77}},"1":{"start":{"line":20,"column":2},"end":{"line":33,"column":4}},"2":{"start":{"line":36,"column":15},"end":{"line":60,"column":2}}},"fnMap":{"0":{"name":"ThemedText","decl":{"start":{"line":11,"column":16},"end":{"line":11,"column":26}},"loc":{"start":{"line":17,"column":20},"end":{"line":34,"column":1}},"line":17}},"branchMap":{"0":{"loc":{"start":{"line":15,"column":2},"end":{"line":15,"column":18}},"type":"default-arg","locations":[{"start":{"line":15,"column":9},"end":{"line":15,"column":18}}],"line":15},"1":{"loc":{"start":{"line":24,"column":8},"end":{"line":24,"column":55}},"type":"cond-expr","locations":[{"start":{"line":24,"column":29},"end":{"line":24,"column":43}},{"start":{"line":24,"column":46},"end":{"line":24,"column":55}}],"line":24},"2":{"loc":{"start":{"line":25,"column":8},"end":{"line":25,"column":51}},"type":"cond-expr","locations":[{"start":{"line":25,"column":27},"end":{"line":25,"column":39}},{"start":{"line":25,"column":42},"end":{"line":25,"column":51}}],"line":25},"3":{"loc":{"start":{"line":26,"column":8},"end":{"line":26,"column":71}},"type":"cond-expr","locations":[{"start":{"line":26,"column":37},"end":{"line":26,"column":59}},{"start":{"line":26,"column":62},"end":{"line":26,"column":71}}],"line":26},"4":{"loc":{"start":{"line":27,"column":8},"end":{"line":27,"column":57}},"type":"cond-expr","locations":[{"start":{"line":27,"column":30},"end":{"line":27,"column":45}},{"start":{"line":27,"column":48},"end":{"line":27,"column":57}}],"line":27},"5":{"loc":{"start":{"line":28,"column":8},"end":{"line":28,"column":49}},"type":"cond-expr","locations":[{"start":{"line":28,"column":26},"end":{"line":28,"column":37}},{"start":{"line":28,"column":40},"end":{"line":28,"column":49}}],"line":28}},"s":{"0":1,"1":1,"2":1},"f":{"0":1},"b":{"0":[1],"1":[1,0],"2":[0,1],"3":[0,1],"4":[0,1],"5":[0,1]},"_coverageSchema":"1a1c01bbd47fc00a2c39e90264f33305004495a9","hash":"f88221fb0163b2240e84e255f87eb54c4fd909e9"}
,"D:\\Bureaublad\\AutoDick3\\AutoDick3\\constants\\Colors.ts": {"path":"D:\\Bureaublad\\AutoDick3\\AutoDick3\\constants\\Colors.ts","statementMap":{"0":{"start":{"line":6,"column":23},"end":{"line":6,"column":32}},"1":{"start":{"line":7,"column":22},"end":{"line":7,"column":28}},"2":{"start":{"line":9,"column":22},"end":{"line":26,"column":1}}},"fnMap":{},"branchMap":{},"s":{"0":1,"1":1,"2":1},"f":{},"b":{},"_coverageSchema":"1a1c01bbd47fc00a2c39e90264f33305004495a9","hash":"06683f0f4e7112149ac215410f07cb6d10727feb"}
,"D:\\Bureaublad\\AutoDick3\\AutoDick3\\hooks\\useThemeColor.ts": {"path":"D:\\Bureaublad\\AutoDick3\\AutoDick3\\hooks\\useThemeColor.ts","statementMap":{"0":{"start":{"line":14,"column":16},"end":{"line":14,"column":43}},"1":{"start":{"line":15,"column":25},"end":{"line":15,"column":37}},"2":{"start":{"line":17,"column":2},"end":{"line":21,"column":3}},"3":{"start":{"line":18,"column":4},"end":{"line":18,"column":26}},"4":{"start":{"line":20,"column":4},"end":{"line":20,"column":36}}},"fnMap":{"0":{"name":"useThemeColor","decl":{"start":{"line":10,"column":16},"end":{"line":10,"column":29}},"loc":{"start":{"line":13,"column":2},"end":{"line":22,"column":1}},"line":13}},"branchMap":{"0":{"loc":{"start":{"line":14,"column":16},"end":{"line":14,"column":43}},"type":"binary-expr","locations":[{"start":{"line":14,"column":16},"end":{"line":14,"column":32}},{"start":{"line":14,"column":36},"end":{"line":14,"column":43}}],"line":14},"1":{"loc":{"start":{"line":17,"column":2},"end":{"line":21,"column":3}},"type":"if","locations":[{"start":{"line":17,"column":2},"end":{"line":21,"column":3}},{"start":{"line":19,"column":9},"end":{"line":21,"column":3}}],"line":17}},"s":{"0":1,"1":1,"2":1,"3":0,"4":1},"f":{"0":1},"b":{"0":[1,0],"1":[0,1]},"_coverageSchema":"1a1c01bbd47fc00a2c39e90264f33305004495a9","hash":"42130a4b1d9ab910cf005cda55feb9039df7cfb2"}
}
